Watching for file changes with StatReloader
Watching for file changes with StatReloader
Watching for file changes with StatReloader
Watching for file changes with StatReloader
/home/yovel/PycharmProjects/base_scr/scr_cookiecutter/{{cookiecutter.project_name}}/api/urls.py changed, reloading.
Watching for file changes with StatReloader
/home/yovel/PycharmProjects/base_scr/scr_cookiecutter/{{cookiecutter.project_name}}/api/admin.py changed, reloading.
Watching for file changes with StatReloader
/home/yovel/PycharmProjects/base_scr/scr_cookiecutter/{{cookiecutter.project_name}}/api/admin.py changed, reloading.
Watching for file changes with StatReloader
Watching for file changes with StatReloader
Watching for file changes with StatReloader
Watching for file changes with StatReloader
Watching for file changes with StatReloader
Not Found: /
"GET / HTTP/1.1" 404 2725
Not Found: /favicon.ico
"GET /favicon.ico HTTP/1.1" 404 2776
"GET /admin/ HTTP/1.1" 302 0
"GET /admin/login/?next=/admin/ HTTP/1.1" 200 2268
"GET /static/admin/css/login.css HTTP/1.1" 200 1185
"GET /admin/ HTTP/1.1" 302 0
"GET /admin/login/?next=/admin/ HTTP/1.1" 200 2268
"GET /static/admin/fonts/Roboto-Regular-webfont.woff HTTP/1.1" 200 85876
"GET /static/admin/fonts/Roboto-Light-webfont.woff HTTP/1.1" 200 85692
Watching for file changes with StatReloader
